<?xml version="1.0" encoding="UTF-8"?>
<!-- Generated by org.testng.reporters.JUnitReportReporter -->
<testsuite skipped="0" hostname="DESKTOP-5TJH2O6" name="abcd.File8" tests="3" failures="0" timestamp="08 Jan 2018 11:54:40 GMT" time="0.015" errors="0">
  <testcase name="registerUsr" time="0.011" classname="abcd.File8"/>
  <testcase name="registerUsr" time="0.002" classname="abcd.File8"/>
  <testcase name="registerUsr" time="0.002" classname="abcd.File8"/>
</testsuite> <!-- abcd.File8 -->
