<?xml version="1.0" encoding="UTF-8"?>
<!-- Generated by org.testng.reporters.JUnitReportReporter -->
<testsuite skipped="0" hostname="DESKTOP-5TJH2O6" name="abcd.File4" tests="1" failures="0" timestamp="08 Jan 2018 10:37:54 GMT" time="0.002" errors="0">
  <testcase name="paymentreturn" time="0.002" classname="abcd.File4"/>
</testsuite> <!-- abcd.File4 -->
