<?xml version="1.0" encoding="UTF-8"?>
<!-- Generated by org.testng.reporters.JUnitReportReporter -->
<testsuite skipped="0" hostname="DESKTOP-5TJH2O6" name="abcd.File2" tests="3" failures="0" timestamp="08 Jan 2018 10:50:05 GMT" time="0.024" errors="0">
  <testcase name="signup1" time="0.017" classname="abcd.File2"/>
  <testcase name="signup3" time="0.003" classname="abcd.File2"/>
  <testcase name="signup2" time="0.004" classname="abcd.File2"/>
</testsuite> <!-- abcd.File2 -->
