<?xml version="1.0" encoding="UTF-8"?>
<!-- Generated by org.testng.reporters.JUnitReportReporter -->
<testsuite skipped="0" hostname="DESKTOP-5TJH2O6" name="abcd.File5" tests="3" failures="0" timestamp="08 Jan 2018 10:56:30 GMT" time="0.020" errors="0">
  <testcase name="login" time="0.015" classname="abcd.File5"/>
  <testcase name="logout" time="0.003" classname="abcd.File5"/>
  <testcase name="navigation" time="0.002" classname="abcd.File5"/>
</testsuite> <!-- abcd.File5 -->
