<?xml version="1.0" encoding="UTF-8"?>
<!-- Generated by org.testng.reporters.JUnitReportReporter -->
<testsuite skipped="0" hostname="DESKTOP-5TJH2O6" name="abcd.File9" tests="3" failures="0" timestamp="08 Jan 2018 12:06:36 GMT" time="0.017" errors="0">
  <testcase name="feature3" time="0.002" classname="abcd.File9"/>
  <testcase name="feature2" time="0.002" classname="abcd.File9"/>
  <testcase name="feature1" time="0.013" classname="abcd.File9"/>
</testsuite> <!-- abcd.File9 -->
