<?xml version="1.0" encoding="UTF-8"?>
<!-- Generated by org.testng.reporters.JUnitReportReporter -->
<testsuite skipped="0" hostname="DESKTOP-5TJH2O6" name="abcd.File7" tests="1" failures="0" timestamp="08 Jan 2018 11:40:44 GMT" time="0.015" errors="0">
  <testcase name="login" time="0.015" classname="abcd.File7"/>
</testsuite> <!-- abcd.File7 -->
