<?xml version="1.0" encoding="UTF-8"?>
<!-- Generated by org.testng.reporters.JUnitReportReporter -->
<testsuite skipped="1" hostname="DESKTOP-5TJH2O6" name="abcd.File1" tests="3" failures="0" timestamp="08 Jan 2018 10:45:04 GMT" time="0.047" errors="0">
  <testcase name="login1" time="0.039" classname="abcd.File1"/>
  <testcase name="login3" time="0.003" classname="abcd.File1"/>
  <testcase name="login2" time="0.005" classname="abcd.File1">
    <skipped/>
  </testcase> <!-- login2 -->
</testsuite> <!-- abcd.File1 -->
